<?xml version="1.0" encoding="UTF-8"?>
<!-- Generated by org.testng.reporters.JUnitReportReporter -->
<testsuite ignored="0" hostname="LAPTOP-THLSUIUM" failures="0" tests="1" name="com.practice.automation_code.SelectDropDownTest" time="9.344" errors="0" timestamp="18 Jun 2024 13:55:20 GMT" skipped="0">
  <testcase classname="com.practice.automation_code.SelectDropDownTest" name="verifyCheckbox" time="9.344"/>
</testsuite> <!-- com.practice.automation_code.SelectDropDownTest -->
