<?xml version="1.0" encoding="UTF-8"?>
<!-- Generated by org.testng.reporters.JUnitReportReporter -->
<testsuite ignored="0" hostname="LAPTOP-THLSUIUM" failures="0" tests="1" name="com.practice.automation_code.SelectCheckboxTest" time="0.131" errors="0" timestamp="17 Jun 2024 11:57:44 GMT" skipped="0">
  <testcase classname="com.practice.automation_code.SelectCheckboxTest" name="verifyCheckbox" time="0.131"/>
</testsuite> <!-- com.practice.automation_code.SelectCheckboxTest -->
