<?xml version="1.0" encoding="UTF-8"?>
<!-- Generated by org.testng.reporters.JUnitReportReporter -->
<testsuite ignored="0" hostname="LAPTOP-THLSUIUM" failures="0" tests="1" name="com.practice.automation_code.SelectDragAndDrop" time="4.330" errors="0" timestamp="19 Jun 2024 07:35:04 GMT" skipped="0">
  <testcase classname="com.practice.automation_code.SelectDragAndDrop" name="verifyDragAndDrop" time="4.330"/>
</testsuite> <!-- com.practice.automation_code.SelectDragAndDrop -->
